2019-10-21 19:00:08,759 - GEOparse - INFO - Downloading ftp://ftp.ncbi.nlm.nih.gov/geo/datasets/GDSnnn/GDS360/soft/GDS360.soft.gz to ./GDS360.soft.gz
2019-10-21 19:00:12,554 - GEOparse - INFO - Parsing ./GDS360.soft.gz: 
2019-10-21 19:01:26,485 - GEOparse - INFO - File already exist: using local version.
2019-10-21 19:01:26,485 - GEOparse - INFO - Parsing ./GDS360.soft.gz: 
2019-10-21 19:04:55,216 - GEOparse - INFO - File already exist: using local version.
2019-10-21 19:04:55,217 - GEOparse - INFO - Parsing ./GDS360.soft.gz: 
2019-10-21 19:05:15,189 - GEOparse - INFO - File already exist: using local version.
2019-10-21 19:05:15,189 - GEOparse - INFO - Parsing ./GDS360.soft.gz: 
2019-10-21 19:07:18,153 - GEOparse - INFO - File already exist: using local version.
2019-10-21 19:07:18,154 - GEOparse - INFO - Parsing ./GDS360.soft.gz: 
2019-10-21 19:13:23,082 - GEOparse - INFO - File already exist: using local version.
2019-10-21 19:13:23,082 - GEOparse - INFO - Parsing ./GDS360.soft.gz: 
2019-10-21 19:13:53,572 - GEOparse - INFO - File already exist: using local version.
2019-10-21 19:13:53,573 - GEOparse - INFO - Parsing ./GDS360.soft.gz: 
2019-10-21 19:14:23,875 - GEOparse - INFO - File already exist: using local version.
2019-10-21 19:14:23,876 - GEOparse - INFO - Parsing ./GDS360.soft.gz: 
2019-10-21 19:18:01,893 - GEOparse - INFO - File already exist: using local version.
2019-10-21 19:18:01,893 - GEOparse - INFO - Parsing ./GDS360.soft.gz: 
2019-10-21 20:55:10,276 - GEOparse - INFO - File already exist: using local version.
2019-10-21 20:55:10,277 - GEOparse - INFO - Parsing ./GDS360.soft.gz: 
2019-10-21 20:56:35,367 - GEOparse - INFO - File already exist: using local version.
2019-10-21 20:56:35,367 - GEOparse - INFO - Parsing ./GDS360.soft.gz: 
2019-10-21 20:58:36,388 - GEOparse - INFO - File already exist: using local version.
2019-10-21 20:58:36,388 - GEOparse - INFO - Parsing ./GDS360.soft.gz: 
2019-10-21 20:59:23,354 - GEOparse - INFO - File already exist: using local version.
2019-10-21 20:59:23,355 - GEOparse - INFO - Parsing ./GDS360.soft.gz: 
2019-10-21 22:06:15,723 - GEOparse - INFO - File already exist: using local version.
2019-10-21 22:06:15,724 - GEOparse - INFO - Parsing ./GDS360.soft.gz: 
2019-10-21 22:06:34,520 - GEOparse - INFO - File already exist: using local version.
2019-10-21 22:06:34,521 - GEOparse - INFO - Parsing ./GDS360.soft.gz: 
2019-10-21 22:06:44,850 - GEOparse - INFO - File already exist: using local version.
2019-10-21 22:06:44,850 - GEOparse - INFO - Parsing ./GDS360.soft.gz: 
2019-10-21 22:07:48,644 - GEOparse - INFO - File already exist: using local version.
2019-10-21 22:07:48,644 - GEOparse - INFO - Parsing ./GDS360.soft.gz: 
2019-10-21 23:01:57,840 - GEOparse - INFO - File already exist: using local version.
2019-10-21 23:01:57,840 - GEOparse - INFO - Parsing ./GDS360.soft.gz: 
2019-10-21 23:02:34,532 - GEOparse - INFO - File already exist: using local version.
2019-10-21 23:02:34,533 - GEOparse - INFO - Parsing ./GDS360.soft.gz: 
2019-10-21 23:03:05,254 - GEOparse - INFO - File already exist: using local version.
2019-10-21 23:03:05,254 - GEOparse - INFO - Parsing ./GDS360.soft.gz: 
2019-10-21 23:03:26,037 - GEOparse - INFO - File already exist: using local version.
2019-10-21 23:03:26,038 - GEOparse - INFO - Parsing ./GDS360.soft.gz: 
2019-10-21 23:10:27,941 - GEOparse - INFO - File already exist: using local version.
2019-10-21 23:10:27,941 - GEOparse - INFO - Parsing ./GDS360.soft.gz: 
2019-10-21 23:11:16,762 - GEOparse - INFO - File already exist: using local version.
2019-10-21 23:11:16,763 - GEOparse - INFO - Parsing ./GDS360.soft.gz: 
2019-10-21 23:11:57,152 - GEOparse - INFO - File already exist: using local version.
2019-10-21 23:11:57,153 - GEOparse - INFO - Parsing ./GDS360.soft.gz: 
2019-10-21 23:13:54,834 - GEOparse - INFO - File already exist: using local version.
2019-10-21 23:13:54,834 - GEOparse - INFO - Parsing ./GDS360.soft.gz: 
2019-10-21 23:14:11,764 - GEOparse - INFO - File already exist: using local version.
2019-10-21 23:14:11,764 - GEOparse - INFO - Parsing ./GDS360.soft.gz: 
2019-10-21 23:15:43,801 - GEOparse - INFO - File already exist: using local version.
2019-10-21 23:15:43,801 - GEOparse - INFO - Parsing ./GDS360.soft.gz: 
2019-10-21 23:16:48,131 - GEOparse - INFO - File already exist: using local version.
2019-10-21 23:16:48,132 - GEOparse - INFO - Parsing ./GDS360.soft.gz: 
2019-10-21 23:30:37,465 - GEOparse - INFO - File already exist: using local version.
2019-10-21 23:30:37,466 - GEOparse - INFO - Parsing ./GDS360.soft.gz: 
2019-10-21 23:35:55,183 - GEOparse - INFO - File already exist: using local version.
2019-10-21 23:35:55,184 - GEOparse - INFO - Parsing ./GDS360.soft.gz: 
2019-10-21 23:36:22,054 - GEOparse - INFO - File already exist: using local version.
2019-10-21 23:36:22,054 - GEOparse - INFO - Parsing ./GDS360.soft.gz: 
2019-10-21 23:36:33,415 - GEOparse - INFO - File already exist: using local version.
2019-10-21 23:36:33,416 - GEOparse - INFO - Parsing ./GDS360.soft.gz: 
2019-10-21 23:36:49,880 - GEOparse - INFO - File already exist: using local version.
2019-10-21 23:36:49,880 - GEOparse - INFO - Parsing ./GDS360.soft.gz: 
2019-10-21 23:39:51,327 - GEOparse - INFO - File already exist: using local version.
2019-10-21 23:39:51,327 - GEOparse - INFO - Parsing ./GDS360.soft.gz: 
2019-10-21 23:40:23,023 - GEOparse - INFO - File already exist: using local version.
2019-10-21 23:40:23,023 - GEOparse - INFO - Parsing ./GDS360.soft.gz: 
2019-10-21 23:41:49,449 - GEOparse - INFO - File already exist: using local version.
2019-10-21 23:41:49,449 - GEOparse - INFO - Parsing ./GDS360.soft.gz: 
2019-10-21 23:44:44,514 - GEOparse - INFO - File already exist: using local version.
2019-10-21 23:44:44,514 - GEOparse - INFO - Parsing ./GDS360.soft.gz: 
2019-10-21 23:45:08,100 - GEOparse - INFO - File already exist: using local version.
2019-10-21 23:45:08,101 - GEOparse - INFO - Parsing ./GDS360.soft.gz: 
2019-10-21 23:54:55,832 - GEOparse - INFO - File already exist: using local version.
2019-10-21 23:54:55,832 - GEOparse - INFO - Parsing ./GDS360.soft.gz: 
2019-10-21 23:58:50,332 - GEOparse - INFO - File already exist: using local version.
2019-10-21 23:58:50,332 - GEOparse - INFO - Parsing ./GDS360.soft.gz: 
2019-10-22 00:08:05,256 - GEOparse - INFO - File already exist: using local version.
2019-10-22 00:08:05,256 - GEOparse - INFO - Parsing ./GDS360.soft.gz: 
2019-10-22 00:10:32,665 - GEOparse - INFO - File already exist: using local version.
2019-10-22 00:10:32,665 - GEOparse - INFO - Parsing ./GDS360.soft.gz: 
2019-10-22 00:11:41,729 - GEOparse - INFO - File already exist: using local version.
2019-10-22 00:11:41,729 - GEOparse - INFO - Parsing ./GDS360.soft.gz: 
2019-10-22 00:14:40,829 - GEOparse - INFO - File already exist: using local version.
2019-10-22 00:14:40,830 - GEOparse - INFO - Parsing ./GDS360.soft.gz: 
2019-10-22 00:15:02,328 - GEOparse - INFO - File already exist: using local version.
2019-10-22 00:15:02,329 - GEOparse - INFO - Parsing ./GDS360.soft.gz: 
2019-10-22 00:16:21,987 - GEOparse - INFO - File already exist: using local version.
2019-10-22 00:16:21,987 - GEOparse - INFO - Parsing ./GDS360.soft.gz: 
2019-10-22 00:17:09,623 - GEOparse - INFO - File already exist: using local version.
2019-10-22 00:17:09,624 - GEOparse - INFO - Parsing ./GDS360.soft.gz: 
2019-10-22 00:18:06,622 - GEOparse - INFO - File already exist: using local version.
2019-10-22 00:18:06,622 - GEOparse - INFO - Parsing ./GDS360.soft.gz: 
2019-10-22 00:18:37,890 - GEOparse - INFO - File already exist: using local version.
2019-10-22 00:18:37,890 - GEOparse - INFO - Parsing ./GDS360.soft.gz: 
2019-10-22 00:18:51,154 - GEOparse - INFO - File already exist: using local version.
2019-10-22 00:18:51,154 - GEOparse - INFO - Parsing ./GDS360.soft.gz: 
2019-10-22 15:31:01,788 - GEOparse - INFO - File already exist: using local version.
2019-10-22 15:31:01,789 - GEOparse - INFO - Parsing ./GDS360.soft.gz: 
2019-10-22 15:31:14,289 - GEOparse - INFO - File already exist: using local version.
2019-10-22 15:31:14,289 - GEOparse - INFO - Parsing ./GDS360.soft.gz: 
2019-10-22 15:31:58,884 - GEOparse - INFO - File already exist: using local version.
2019-10-22 15:31:58,884 - GEOparse - INFO - Parsing ./GDS360.soft.gz: 
2019-10-22 15:33:37,128 - GEOparse - INFO - File already exist: using local version.
2019-10-22 15:33:37,128 - GEOparse - INFO - Parsing ./GDS360.soft.gz: 
2019-10-22 15:33:56,475 - GEOparse - INFO - File already exist: using local version.
2019-10-22 15:33:56,476 - GEOparse - INFO - Parsing ./GDS360.soft.gz: 
2019-10-22 15:34:48,573 - GEOparse - INFO - File already exist: using local version.
2019-10-22 15:34:48,574 - GEOparse - INFO - Parsing ./GDS360.soft.gz: 
2019-10-22 15:36:00,907 - GEOparse - INFO - File already exist: using local version.
2019-10-22 15:36:00,908 - GEOparse - INFO - Parsing ./GDS360.soft.gz: 
2019-10-22 15:36:14,037 - GEOparse - INFO - File already exist: using local version.
2019-10-22 15:36:14,037 - GEOparse - INFO - Parsing ./GDS360.soft.gz: 
2019-10-22 15:36:57,745 - GEOparse - INFO - File already exist: using local version.
2019-10-22 15:36:57,745 - GEOparse - INFO - Parsing ./GDS360.soft.gz: 
2019-10-22 15:37:44,454 - GEOparse - INFO - File already exist: using local version.
2019-10-22 15:37:44,455 - GEOparse - INFO - Parsing ./GDS360.soft.gz: 
2019-10-22 15:37:59,739 - GEOparse - INFO - File already exist: using local version.
2019-10-22 15:37:59,739 - GEOparse - INFO - Parsing ./GDS360.soft.gz: 
2019-10-22 15:39:27,455 - GEOparse - INFO - File already exist: using local version.
2019-10-22 15:39:27,455 - GEOparse - INFO - Parsing ./GDS360.soft.gz: 
2019-10-22 15:40:14,915 - GEOparse - INFO - File already exist: using local version.
2019-10-22 15:40:14,915 - GEOparse - INFO - Parsing ./GDS360.soft.gz: 
2019-10-22 15:43:07,220 - GEOparse - INFO - File already exist: using local version.
2019-10-22 15:43:07,220 - GEOparse - INFO - Parsing ./GDS360.soft.gz: 
2019-10-22 15:43:37,805 - GEOparse - INFO - File already exist: using local version.
2019-10-22 15:43:37,805 - GEOparse - INFO - Parsing ./GDS360.soft.gz: 
2019-10-22 15:44:28,588 - GEOparse - INFO - File already exist: using local version.
2019-10-22 15:44:28,588 - GEOparse - INFO - Parsing ./GDS360.soft.gz: 
2019-10-22 15:46:12,025 - GEOparse - INFO - File already exist: using local version.
2019-10-22 15:46:12,025 - GEOparse - INFO - Parsing ./GDS360.soft.gz: 
2019-10-22 15:48:00,967 - GEOparse - INFO - File already exist: using local version.
2019-10-22 15:48:00,967 - GEOparse - INFO - Parsing ./GDS360.soft.gz: 
2019-10-22 15:49:46,671 - GEOparse - INFO - File already exist: using local version.
2019-10-22 15:49:46,671 - GEOparse - INFO - Parsing ./GDS360.soft.gz: 
2019-10-22 15:50:02,584 - GEOparse - INFO - File already exist: using local version.
2019-10-22 15:50:02,584 - GEOparse - INFO - Parsing ./GDS360.soft.gz: 
2019-10-22 15:50:31,928 - GEOparse - INFO - File already exist: using local version.
2019-10-22 15:50:31,928 - GEOparse - INFO - Parsing ./GDS360.soft.gz: 
2019-10-22 15:50:45,971 - GEOparse - INFO - File already exist: using local version.
2019-10-22 15:50:45,971 - GEOparse - INFO - Parsing ./GDS360.soft.gz: 
2019-10-22 15:56:56,705 - GEOparse - INFO - File already exist: using local version.
2019-10-22 15:56:56,705 - GEOparse - INFO - Parsing ./GDS360.soft.gz: 
2019-10-25 17:02:46,847 - pyswarms.discrete.binary - INFO - Optimize for 100 iters with {'c1': 0.75, 'c2': 0.78, 'w': 0.9, 'k': 50, 'p': 2}
2019-10-25 17:07:43,460 - pyswarms.discrete.binary - INFO - Optimize for 1 iters with {'c1': 0.79, 'c2': 0.53, 'w': 0.9, 'k': 50, 'p': 2}
2019-10-25 17:11:03,020 - pyswarms.discrete.binary - INFO - Optimize for 100 iters with {'c1': 0.36, 'c2': 0.2, 'w': 0.9, 'k': 50, 'p': 2}
2019-10-25 17:12:36,929 - pyswarms.discrete.binary - INFO - Optimize for 100 iters with {'c1': 0.61, 'c2': 0.46, 'w': 0.9, 'k': 50, 'p': 2}
2019-10-25 17:14:14,752 - pyswarms.discrete.binary - INFO - Optimize for 100 iters with {'c1': 0.86, 'c2': 0.62, 'w': 0.9, 'k': 50, 'p': 2}
2019-10-25 17:20:43,623 - pyswarms.discrete.binary - INFO - Optimize for 100 iters with {'c1': 0.51, 'c2': 0.93, 'w': 0.9, 'k': 50, 'p': 2}
2019-10-25 17:25:00,547 - pyswarms.discrete.binary - INFO - Optimize for 100 iters with {'c1': 0.52, 'c2': 0.67, 'w': 0.9, 'k': 50, 'p': 2}
2019-10-25 17:31:43,850 - pyswarms.discrete.binary - INFO - Optimize for 100 iters with {'c1': 0.27, 'c2': 0.52, 'w': 0.9, 'k': 50, 'p': 2}
2019-10-25 17:37:53,658 - pyswarms.discrete.binary - INFO - Optimization finished | best cost: 0.10922077922077923, best pos: [0 0 1 ... 1 1 1]
2019-10-25 17:43:37,975 - pyswarms.discrete.binary - INFO - Optimize for 100 iters with {'c1': 0.42, 'c2': 0.58, 'w': 0.9, 'k': 50, 'p': 2}
2019-10-25 17:50:00,141 - pyswarms.discrete.binary - INFO - Optimization finished | best cost: 0.3416249604054482, best pos: [1 1 0 ... 1 1 1]
2019-10-25 17:55:34,551 - pyswarms.discrete.binary - INFO - Optimize for 100 iters with {'c1': 0.8, 'c2': 0.8, 'w': 0.9, 'k': 50, 'p': 2}
2019-10-25 18:02:14,919 - pyswarms.discrete.binary - INFO - Optimization finished | best cost: 0.14857354028085737, best pos: [0 1 1 ... 0 0 0]
2019-10-25 18:14:34,021 - pyswarms.discrete.binary - INFO - Optimize for 10 iters with {'c1': 0.8, 'c2': 0.8, 'w': 0.9, 'k': 50, 'p': 2}
2019-10-25 18:15:12,132 - pyswarms.discrete.binary - INFO - Optimization finished | best cost: 0.33493823249920807, best pos: [0 1 1 ... 1 0 1]
2019-10-25 18:16:11,161 - pyswarms.discrete.binary - INFO - Optimize for 200 iters with {'c1': 0.8, 'c2': 0.8, 'w': 0.9, 'k': 100, 'p': 2}
2019-10-25 18:57:02,160 - pyswarms.discrete.binary - INFO - Optimize for 100 iters with {'c1': 0.8, 'c2': 0.8, 'w': 0.9, 'k': 100, 'p': 2}
2019-10-25 19:09:33,463 - pyswarms.discrete.binary - INFO - Optimization finished | best cost: 0.27656636046879945, best pos: [1 0 1 ... 1 0 0]
2019-10-25 19:10:15,937 - pyswarms.discrete.binary - INFO - Optimize for 10 iters with {'c1': 0.8, 'c2': 0.8, 'w': 0.9, 'k': 100, 'p': 2}
2019-10-25 19:10:38,441 - pyswarms.discrete.binary - INFO - Optimization finished | best cost: 0.380679970436068, best pos: [0 0 0 ... 0 1 0]
2019-10-25 19:11:08,665 - pyswarms.discrete.binary - INFO - Optimize for 10 iters with {'c1': 0.8, 'c2': 0.8, 'w': 0.9, 'k': 100, 'p': 1}
2019-10-25 19:11:30,892 - pyswarms.discrete.binary - INFO - Optimization finished | best cost: 0.11602787456445995, best pos: [1 1 1 ... 0 1 1]
2019-10-25 19:11:55,889 - pyswarms.discrete.binary - INFO - Optimize for 10 iters with {'c1': 0.8, 'c2': 0.8, 'w': 0.9, 'k': 100, 'p': 15}
2019-10-25 19:12:32,012 - pyswarms.discrete.binary - INFO - Optimization finished | best cost: 0.015639320029563947, best pos: [0 1 1 ... 0 1 0]
2019-10-25 19:14:56,171 - pyswarms.discrete.binary - INFO - Optimize for 10 iters with {'c1': 0.8, 'c2': 0.8, 'w': 0.9, 'k': 6, 'p': 15}
2019-10-25 19:15:31,363 - pyswarms.discrete.binary - INFO - Optimization finished | best cost: 0.18182662865589697, best pos: [1 0 0 ... 1 1 0]
2019-10-25 19:17:21,425 - pyswarms.discrete.binary - INFO - Optimize for 10 iters with {'c1': 0.8, 'c2': 0.8, 'w': 0.9, 'k': 100, 'p': 2}
2019-10-25 19:17:43,550 - pyswarms.discrete.binary - INFO - Optimization finished | best cost: 0.2724611973392461, best pos: [0 1 0 ... 0 1 0]
2019-10-25 19:19:53,183 - pyswarms.discrete.binary - INFO - Optimize for 10 iters with {'c1': 10.1, 'c2': 0.8, 'w': 12.9, 'k': 100, 'p': 2}
2019-10-25 19:20:24,143 - pyswarms.discrete.binary - INFO - Optimization finished | best cost: 0.0, best pos: [1 1 1 ... 1 1 1]
2019-10-25 19:20:55,621 - pyswarms.discrete.binary - INFO - Optimize for 10 iters with {'c1': 1.4, 'c2': 0.8, 'w': 1.2, 'k': 100, 'p': 2}
2019-10-25 19:21:20,455 - pyswarms.discrete.binary - INFO - Optimize for 10 iters with {'c1': 1.4, 'c2': 1.8, 'w': 0.9, 'k': 100, 'p': 2}
2019-10-25 19:21:42,426 - pyswarms.discrete.binary - INFO - Optimization finished | best cost: 0.08740998838559812, best pos: [1 1 0 ... 0 0 1]
2019-10-25 19:22:41,607 - pyswarms.discrete.binary - INFO - Optimize for 10 iters with {'c1': 1.4, 'c2': 1.4, 'w': 0.9, 'k': 100, 'p': 2}
2019-10-25 19:23:03,997 - pyswarms.discrete.binary - INFO - Optimization finished | best cost: 0.045840988280012665, best pos: [1 1 1 ... 1 0 1]
2019-10-25 19:24:14,105 - pyswarms.discrete.binary - INFO - Optimize for 10 iters with {'c1': 1.4, 'c2': 1.4, 'w': 0.9, 'k': 100, 'p': 2}
2019-10-25 19:24:36,154 - pyswarms.discrete.binary - INFO - Optimization finished | best cost: 0.04676591700981945, best pos: [1 1 1 ... 1 0 1]
2019-10-25 19:25:06,709 - pyswarms.discrete.binary - INFO - Optimize for 50 iters with {'c1': 1.4, 'c2': 1.4, 'w': 0.9, 'k': 100, 'p': 2}
2019-10-25 19:27:05,526 - pyswarms.discrete.binary - INFO - Optimization finished | best cost: 0.04699398162812797, best pos: [0 0 1 ... 1 1 0]
2019-10-25 19:28:36,480 - pyswarms.discrete.binary - INFO - Optimize for 200 iters with {'c1': 1.4, 'c2': 1.4, 'w': 0.9, 'k': 100, 'p': 2}
2019-10-25 19:31:34,328 - pyswarms.discrete.binary - INFO - Optimize for 200 iters with {'c1': 1.4, 'c2': 1.4, 'w': 0.9, 'k': 100, 'p': 2}
2019-10-25 19:39:27,079 - pyswarms.discrete.binary - INFO - Optimize for 200 iters with {'c1': 1.4, 'c2': 1.4, 'w': 0.9, 'k': 50, 'p': 2}
2019-10-25 19:42:47,564 - pyswarms.discrete.binary - INFO - Optimization finished | best cost: 0.04779220779220778, best pos: [1 0 0 ... 0 1 1]
2019-10-25 19:46:10,965 - pyswarms.discrete.binary - INFO - Optimize for 200 iters with {'c1': 1.4, 'c2': 1.4, 'w': 0.9, 'k': 50, 'p': 2}
2019-10-25 19:46:46,127 - pyswarms.discrete.binary - INFO - Optimize for 200 iters with {'c1': 5.4, 'c2': 5.4, 'w': 0.9, 'k': 50, 'p': 2}
2019-10-25 19:47:13,390 - pyswarms.discrete.binary - INFO - Optimize for 200 iters with {'c1': 10.4, 'c2': 20.4, 'w': 0.9, 'k': 50, 'p': 2}
2019-10-25 22:35:01,104 - pyswarms.discrete.binary - INFO - Optimize for 1 iters with {'c1': 1.4, 'c2': 1.4, 'w': 0.9, 'k': 10, 'p': 2}
2019-10-25 22:35:01,262 - pyswarms.discrete.binary - INFO - Optimization finished | best cost: 0.059562876148242, best pos: [0 0 1 ... 0 0 1]
2019-10-25 22:35:25,466 - pyswarms.discrete.binary - INFO - Optimize for 2 iters with {'c1': 1.4, 'c2': 1.4, 'w': 0.9, 'k': 10, 'p': 2}
2019-10-25 22:35:25,805 - pyswarms.discrete.binary - INFO - Optimization finished | best cost: 0.04698131137155527, best pos: [1 1 0 ... 1 1 1]
2019-10-25 23:15:05,085 - pyswarms.discrete.binary - INFO - Optimize for 2 iters with {'c1': 1.4, 'c2': 1.4, 'w': 0.9, 'k': 10, 'p': 2}
2019-10-25 23:15:05,429 - pyswarms.discrete.binary - INFO - Optimization finished | best cost: 0.04715869496357301, best pos: [0 1 0 ... 1 1 0]
2019-10-25 23:16:37,791 - pyswarms.discrete.binary - INFO - Optimize for 2 iters with {'c1': 1.4, 'c2': 1.4, 'w': 0.9, 'k': 10, 'p': 2}
2019-10-25 23:16:38,264 - pyswarms.discrete.binary - INFO - Optimization finished | best cost: 0.0, best pos: [1 1 1 ... 0 0 0]
2019-10-25 23:19:45,247 - pyswarms.discrete.binary - INFO - Optimize for 2 iters with {'c1': 1.4, 'c2': 1.4, 'w': 0.9, 'k': 20, 'p': 2}
2019-10-25 23:19:45,950 - pyswarms.discrete.binary - INFO - Optimization finished | best cost: 0.046613873930947104, best pos: [0 1 1 ... 0 1 1]
2019-10-25 23:20:50,806 - pyswarms.discrete.binary - INFO - Optimize for 2 iters with {'c1': 1.4, 'c2': 1.4, 'w': 0.9, 'k': 20, 'p': 2}
2019-10-25 23:20:51,539 - pyswarms.discrete.binary - INFO - Optimization finished | best cost: 0.047222046246436486, best pos: [1 0 1 ... 1 1 0]
2019-10-25 23:24:22,261 - pyswarms.discrete.binary - INFO - Optimize for 2 iters with {'c1': 1.4, 'c2': 1.4, 'w': 0.9, 'k': 20, 'p': 2}
2019-10-25 23:24:22,952 - pyswarms.discrete.binary - INFO - Optimization finished | best cost: 0.046474501108647454, best pos: [1 1 1 ... 0 1 1]
2019-10-25 23:25:29,724 - pyswarms.discrete.binary - INFO - Optimize for 2 iters with {'c1': 1.4, 'c2': 1.4, 'w': 0.9, 'k': 20, 'p': 2}
2019-10-25 23:25:30,413 - pyswarms.discrete.binary - INFO - Optimization finished | best cost: 0.04724738675958188, best pos: [1 1 1 ... 1 1 0]
2019-10-25 23:25:54,143 - pyswarms.discrete.binary - INFO - Optimize for 2 iters with {'c1': 1.4, 'c2': 1.4, 'w': 0.9, 'k': 20, 'p': 2}
2019-10-25 23:25:54,833 - pyswarms.discrete.binary - INFO - Optimization finished | best cost: 0.04637313905606589, best pos: [0 1 0 ... 1 0 0]
2019-10-25 23:26:17,742 - pyswarms.discrete.binary - INFO - Optimize for 2 iters with {'c1': 1.4, 'c2': 1.4, 'w': 0.9, 'k': 20, 'p': 2}
2019-10-25 23:26:18,437 - pyswarms.discrete.binary - INFO - Optimization finished | best cost: 0.04731073804244536, best pos: [1 1 1 ... 1 0 1]
2019-10-25 23:27:50,372 - pyswarms.discrete.binary - INFO - Optimize for 2 iters with {'c1': 1.4, 'c2': 1.4, 'w': 0.9, 'k': 20, 'p': 2}
2019-10-25 23:27:51,063 - pyswarms.discrete.binary - INFO - Optimization finished | best cost: 0.047082673424136835, best pos: [0 0 0 ... 1 1 1]
2019-10-25 23:28:08,102 - pyswarms.discrete.binary - INFO - Optimize for 2 iters with {'c1': 1.4, 'c2': 1.4, 'w': 0.9, 'k': 20, 'p': 2}
2019-10-25 23:28:08,800 - pyswarms.discrete.binary - INFO - Optimization finished | best cost: 0.04637313905606589, best pos: [0 1 1 ... 1 1 1]
2019-10-25 23:28:59,410 - pyswarms.discrete.binary - INFO - Optimize for 2 iters with {'c1': 1.4, 'c2': 1.4, 'w': 0.9, 'k': 20, 'p': 2}
2019-10-25 23:29:00,112 - pyswarms.discrete.binary - INFO - Optimization finished | best cost: 0.04666455495723788, best pos: [0 0 1 ... 0 1 1]
2019-10-26 17:56:04,875 - pyswarms.discrete.binary - INFO - Optimize for 2 iters with {'c1': 1.4, 'c2': 1.4, 'w': 0.9, 'k': 20, 'p': 2}
2019-10-26 17:56:05,570 - pyswarms.discrete.binary - INFO - Optimization finished | best cost: 0.04724738675958188, best pos: [0 0 1 ... 1 0 0]
2019-10-26 19:41:18,123 - pyswarms.discrete.binary - INFO - Optimize for 2 iters with {'c1': 1.4, 'c2': 1.4, 'w': 0.9, 'k': 20, 'p': 2}
2019-10-26 19:41:18,817 - pyswarms.discrete.binary - INFO - Optimization finished | best cost: 0.046411149825783975, best pos: [1 0 1 ... 1 0 0]
2019-10-26 19:48:33,177 - pyswarms.discrete.binary - INFO - Optimize for 2 iters with {'c1': 1.4, 'c2': 1.4, 'w': 0.9, 'k': 20, 'p': 2}
2019-10-26 19:48:33,947 - pyswarms.discrete.binary - INFO - Optimization finished | best cost: 0.046499841621792846, best pos: [1 1 0 ... 1 0 1]
2019-10-26 19:48:50,012 - pyswarms.discrete.binary - INFO - Optimize for 2 iters with {'c1': 1.4, 'c2': 1.4, 'w': 0.9, 'k': 20, 'p': 2}
2019-10-26 19:48:50,786 - pyswarms.discrete.binary - INFO - Optimization finished | best cost: 0.047146024707000314, best pos: [1 0 1 ... 0 1 1]
2019-10-26 19:56:35,326 - pyswarms.discrete.binary - INFO - Optimize for 2 iters with {'c1': 1.4, 'c2': 1.4, 'w': 0.9, 'k': 20, 'p': 2}
2019-10-26 19:56:36,019 - pyswarms.discrete.binary - INFO - Optimization finished | best cost: 0.0469052898321191, best pos: [1 1 1 ... 0 0 0]
2019-10-26 20:00:53,217 - pyswarms.discrete.binary - INFO - Optimize for 2 iters with {'c1': 1.4, 'c2': 1.4, 'w': 0.9, 'k': 20, 'p': 2}
2019-10-26 20:00:53,915 - pyswarms.discrete.binary - INFO - Optimization finished | best cost: 0.04615774469433005, best pos: [1 1 1 ... 1 1 1]
2019-10-26 20:19:00,999 - pyswarms.discrete.binary - INFO - Optimize for 2 iters with {'c1': 1.4, 'c2': 1.4, 'w': 0.9, 'k': 20, 'p': 2}
2019-10-26 20:19:01,718 - pyswarms.discrete.binary - INFO - Optimization finished | best cost: 0.045308837503959455, best pos: [0 1 1 ... 0 1 0]
2019-10-26 20:19:43,293 - pyswarms.discrete.binary - INFO - Optimize for 2 iters with {'c1': 1.4, 'c2': 1.4, 'w': 0.9, 'k': 20, 'p': 2}
2019-10-26 20:19:43,989 - pyswarms.discrete.binary - INFO - Optimization finished | best cost: 0.04736141906873614, best pos: [1 1 0 ... 1 1 1]
2019-10-26 23:24:44,243 - pyswarms.discrete.binary - INFO - Optimize for 2 iters with {'c1': 1.4, 'c2': 1.4, 'w': 0.9, 'k': 20, 'p': 2}
2019-10-26 23:24:44,936 - pyswarms.discrete.binary - INFO - Optimization finished | best cost: 0.046879949318973706, best pos: [1 0 0 ... 1 1 0]
2019-10-26 23:26:01,999 - pyswarms.discrete.binary - INFO - Optimize for 2 iters with {'c1': 1.4, 'c2': 1.4, 'w': 0.9, 'k': 20, 'p': 2}
2019-10-26 23:26:02,701 - pyswarms.discrete.binary - INFO - Optimization finished | best cost: 0.04814697497624327, best pos: [1 0 1 ... 1 0 1]
2019-10-26 23:26:42,218 - pyswarms.discrete.binary - INFO - Optimize for 2 iters with {'c1': 1.4, 'c2': 1.4, 'w': 0.9, 'k': 20, 'p': 2}
2019-10-26 23:26:42,907 - pyswarms.discrete.binary - INFO - Optimization finished | best cost: 0.046499841621792846, best pos: [0 0 0 ... 1 1 1]
2019-10-26 23:27:55,451 - pyswarms.discrete.binary - INFO - Optimize for 2 iters with {'c1': 1.4, 'c2': 1.4, 'w': 0.9, 'k': 20, 'p': 2}
2019-10-26 23:27:56,143 - pyswarms.discrete.binary - INFO - Optimization finished | best cost: 0.047348748812163444, best pos: [0 0 0 ... 0 1 1]
2019-10-26 23:29:00,180 - pyswarms.discrete.binary - INFO - Optimize for 2 iters with {'c1': 1.4, 'c2': 1.4, 'w': 0.9, 'k': 20, 'p': 2}
2019-10-26 23:29:00,873 - pyswarms.discrete.binary - INFO - Optimization finished | best cost: 0.046892619575546406, best pos: [1 0 1 ... 1 1 1]
2019-10-26 23:29:23,930 - pyswarms.discrete.binary - INFO - Optimize for 2 iters with {'c1': 1.4, 'c2': 1.4, 'w': 0.9, 'k': 20, 'p': 2}
2019-10-26 23:29:24,641 - pyswarms.discrete.binary - INFO - Optimization finished | best cost: 0.046816598036110234, best pos: [0 1 1 ... 0 1 1]
2019-10-26 23:29:55,372 - pyswarms.discrete.binary - INFO - Optimize for 2 iters with {'c1': 1.4, 'c2': 1.4, 'w': 0.9, 'k': 20, 'p': 2}
2019-10-26 23:29:56,066 - pyswarms.discrete.binary - INFO - Optimization finished | best cost: 0.046474501108647454, best pos: [0 1 1 ... 0 1 0]
2019-10-26 23:30:20,521 - pyswarms.discrete.binary - INFO - Optimize for 2 iters with {'c1': 1.4, 'c2': 1.4, 'w': 0.9, 'k': 20, 'p': 2}
2019-10-26 23:30:21,217 - pyswarms.discrete.binary - INFO - Optimization finished | best cost: 0.04755147291732657, best pos: [1 1 1 ... 0 0 1]
2019-10-26 23:30:36,909 - pyswarms.discrete.binary - INFO - Optimize for 2 iters with {'c1': 1.4, 'c2': 1.4, 'w': 0.9, 'k': 20, 'p': 2}
2019-10-26 23:30:37,602 - pyswarms.discrete.binary - INFO - Optimization finished | best cost: 0.04731073804244536, best pos: [0 1 0 ... 1 0 0]
2019-10-26 23:30:53,823 - pyswarms.discrete.binary - INFO - Optimize for 2 iters with {'c1': 1.4, 'c2': 1.4, 'w': 0.9, 'k': 20, 'p': 2}
2019-10-26 23:30:54,517 - pyswarms.discrete.binary - INFO - Optimization finished | best cost: 0.047424770351599616, best pos: [0 0 0 ... 1 0 0]
2019-10-26 23:31:06,780 - pyswarms.discrete.binary - INFO - Optimize for 2 iters with {'c1': 1.4, 'c2': 1.4, 'w': 0.9, 'k': 20, 'p': 2}
2019-10-26 23:31:07,468 - pyswarms.discrete.binary - INFO - Optimization finished | best cost: 0.04743744060817231, best pos: [1 1 1 ... 0 0 1]
2019-10-26 23:31:18,646 - pyswarms.discrete.binary - INFO - Optimize for 2 iters with {'c1': 1.4, 'c2': 1.4, 'w': 0.9, 'k': 20, 'p': 2}
2019-10-26 23:31:19,348 - pyswarms.discrete.binary - INFO - Optimization finished | best cost: 0.04610706366803927, best pos: [1 0 1 ... 1 0 1]
2019-10-27 00:05:16,154 - pyswarms.discrete.binary - INFO - Optimize for 2 iters with {'c1': 1.4, 'c2': 1.4, 'w': 0.9, 'k': 20, 'p': 2}
2019-10-27 00:05:16,849 - pyswarms.discrete.binary - INFO - Optimization finished | best cost: 0.046221095977193545, best pos: [1 1 1 ... 0 0 1]
2019-10-27 00:05:36,475 - pyswarms.discrete.binary - INFO - Optimize for 2 iters with {'c1': 1.4, 'c2': 1.4, 'w': 0.9, 'k': 20, 'p': 2}
2019-10-27 00:05:37,175 - pyswarms.discrete.binary - INFO - Optimization finished | best cost: 0.04814697497624327, best pos: [1 1 0 ... 1 0 1]
2019-10-27 00:06:36,023 - pyswarms.discrete.binary - INFO - Optimize for 2 iters with {'c1': 1.4, 'c2': 1.4, 'w': 0.9, 'k': 20, 'p': 2}
2019-10-27 00:06:36,720 - pyswarms.discrete.binary - INFO - Optimization finished | best cost: 0.046892619575546406, best pos: [1 1 1 ... 0 0 0]
2019-10-27 00:06:48,287 - pyswarms.discrete.binary - INFO - Optimize for 2 iters with {'c1': 1.4, 'c2': 1.4, 'w': 0.9, 'k': 20, 'p': 2}
2019-10-27 00:06:48,984 - pyswarms.discrete.binary - INFO - Optimization finished | best cost: 0.04642382008235667, best pos: [1 1 0 ... 1 1 0]
2019-10-27 00:10:01,197 - pyswarms.discrete.binary - INFO - Optimize for 2 iters with {'c1': 1.4, 'c2': 1.4, 'w': 0.9, 'k': 20, 'p': 2}
2019-10-27 00:10:01,891 - pyswarms.discrete.binary - INFO - Optimization finished | best cost: 0.04671523598352867, best pos: [0 1 0 ... 0 1 1]
2019-10-27 00:10:39,791 - pyswarms.discrete.binary - INFO - Optimize for 2 iters with {'c1': 1.4, 'c2': 1.4, 'w': 0.9, 'k': 20, 'p': 2}
2019-10-27 00:10:40,492 - pyswarms.discrete.binary - INFO - Optimization finished | best cost: 0.04699398162812797, best pos: [0 1 0 ... 1 0 1]
2019-10-27 00:11:02,438 - pyswarms.discrete.binary - INFO - Optimize for 2 iters with {'c1': 1.4, 'c2': 1.4, 'w': 0.9, 'k': 20, 'p': 2}
2019-10-27 00:11:03,132 - pyswarms.discrete.binary - INFO - Optimization finished | best cost: 0.045840988280012665, best pos: [1 1 1 ... 1 1 1]
2019-10-27 00:11:56,489 - pyswarms.discrete.binary - INFO - Optimize for 2 iters with {'c1': 1.4, 'c2': 1.4, 'w': 0.9, 'k': 20, 'p': 2}
2019-10-27 00:11:57,193 - pyswarms.discrete.binary - INFO - Optimization finished | best cost: 0.046613873930947104, best pos: [0 1 1 ... 1 1 1]
2019-10-27 00:15:01,029 - pyswarms.discrete.binary - INFO - Optimize for 2 iters with {'c1': 1.4, 'c2': 1.4, 'w': 0.9, 'k': 20, 'p': 2}
2019-10-27 00:15:01,740 - pyswarms.discrete.binary - INFO - Optimization finished | best cost: 0.04685460880582832, best pos: [0 0 1 ... 1 0 1]
2019-10-27 00:15:39,504 - pyswarms.discrete.binary - INFO - Optimize for 2 iters with {'c1': 1.4, 'c2': 1.4, 'w': 0.9, 'k': 20, 'p': 2}
2019-10-27 00:15:40,193 - pyswarms.discrete.binary - INFO - Optimization finished | best cost: 0.04693063034526449, best pos: [1 1 0 ... 1 1 0]
2019-10-27 00:16:11,718 - pyswarms.discrete.binary - INFO - Optimize for 2 iters with {'c1': 1.4, 'c2': 1.4, 'w': 0.9, 'k': 20, 'p': 2}
2019-10-27 00:16:12,159 - pyswarms.discrete.binary - INFO - Optimization finished | best cost: 0.04769084573962622, best pos: [0. 0. 1. ... 0. 1. 0.]
2019-10-27 00:17:42,307 - pyswarms.discrete.binary - INFO - Optimize for 1 iters with {'c1': 1.4, 'c2': 1.4, 'w': 0.9, 'k': 20, 'p': 2}
2019-10-27 00:17:42,378 - pyswarms.discrete.binary - INFO - Optimization finished | best cost: 0.11873297434273043, best pos: [0. 0. 0. ... 0. 0. 0.]
